The system is: Darwin - 14.5.0 - x86_64
Compiling the C compiler identification source file "CMakeCCompilerId.c" succeeded.
Compiler: /Applications/deal.II.app/Contents/Resources/opt/openmpi-1.10.2/bin/mpicc 
Build flags: 
Id flags: 

The output was:
0


Compilation of the C compiler identification source "CMakeCCompilerId.c" produced "a.out"

The C compiler identification is AppleClang, found in "/Users/neerajsarna/sciebo/DG_MPI/CMakeFiles/3.5.0-rc3/CompilerIdC/a.out"

Compiling the CXX compiler identification source file "CMakeCXXCompilerId.cpp" succeeded.
Compiler: /Applications/deal.II.app/Contents/Resources/opt/openmpi-1.10.2/bin/mpic++ 
Build flags: 
Id flags: 

The output was:
0


Compilation of the CXX compiler identification source "CMakeCXXCompilerId.cpp" produced "a.out"

The CXX compiler identification is AppleClang, found in "/Users/neerajsarna/sciebo/DG_MPI/CMakeFiles/3.5.0-rc3/CompilerIdCXX/a.out"

Determining if the C compiler works passed with the following output:
Change Dir: /Users/neerajsarna/sciebo/DG_MPI/CMakeFiles/CMakeTmp

Run Build Command:"/usr/bin/make" "cmTC_ab674/fast"
/Library/Developer/CommandLineTools/usr/bin/make -f CMakeFiles/cmTC_ab674.dir/build.make CMakeFiles/cmTC_ab674.dir/build
Building C object CMakeFiles/cmTC_ab674.dir/testCCompiler.c.o
/Applications/deal.II.app/Contents/Resources/opt/openmpi-1.10.2/bin/mpicc     -o CMakeFiles/cmTC_ab674.dir/testCCompiler.c.o   -c /Users/neerajsarna/sciebo/DG_MPI/CMakeFiles/CMakeTmp/testCCompiler.c
Linking C executable cmTC_ab674
/Applications/CMake.app/Contents/bin/cmake -E cmake_link_script CMakeFiles/cmTC_ab674.dir/link.txt --verbose=1
/Applications/deal.II.app/Contents/Resources/opt/openmpi-1.10.2/bin/mpicc    -Wl,-search_paths_first -Wl,-headerpad_max_install_names   CMakeFiles/cmTC_ab674.dir/testCCompiler.c.o  -o cmTC_ab674  


Detecting C compiler ABI info compiled with the following output:
Change Dir: /Users/neerajsarna/sciebo/DG_MPI/CMakeFiles/CMakeTmp

Run Build Command:"/usr/bin/make" "cmTC_00553/fast"
/Library/Developer/CommandLineTools/usr/bin/make -f CMakeFiles/cmTC_00553.dir/build.make CMakeFiles/cmTC_00553.dir/build
Building C object CMakeFiles/cmTC_00553.dir/CMakeCCompilerABI.c.o
/Applications/deal.II.app/Contents/Resources/opt/openmpi-1.10.2/bin/mpicc     -o CMakeFiles/cmTC_00553.dir/CMakeCCompilerABI.c.o   -c /Applications/CMake.app/Contents/share/cmake-3.5/Modules/CMakeCCompilerABI.c
Linking C executable cmTC_00553
/Applications/CMake.app/Contents/bin/cmake -E cmake_link_script CMakeFiles/cmTC_00553.dir/link.txt --verbose=1
/Applications/deal.II.app/Contents/Resources/opt/openmpi-1.10.2/bin/mpicc    -Wl,-search_paths_first -Wl,-headerpad_max_install_names  -v -Wl,-v CMakeFiles/cmTC_00553.dir/CMakeCCompilerABI.c.o  -o cmTC_00553   
Apple LLVM version 7.0.2 (clang-700.1.81)
Target: x86_64-apple-darwin14.5.0
Thread model: posix
 "/Library/Developer/CommandLineTools/usr/bin/ld" -demangle -dynamic -arch x86_64 -macosx_version_min 10.10.0 -o cmTC_00553 -L/Applications/deal.II.app/Contents/Resources/opt/openmpi-1.10.2/lib -search_paths_first -headerpad_max_install_names -v CMakeFiles/cmTC_00553.dir/CMakeCCompilerABI.c.o -lmpi -lSystem /Library/Developer/CommandLineTools/usr/bin/../lib/clang/7.0.2/lib/darwin/libclang_rt.osx.a
@(#)PROGRAM:ld  PROJECT:ld64-253.9
configured to support archs: armv6 armv7 armv7s arm64 i386 x86_64 x86_64h armv6m armv7k armv7m armv7em (tvOS)
Library search paths:
	/Applications/deal.II.app/Contents/Resources/opt/openmpi-1.10.2/lib
	/usr/lib
	/usr/local/lib
Framework search paths:
	/Library/Frameworks/
	/System/Library/Frameworks/


Parsed C implicit link information from above output:
  link line regex: [^( *|.*[/\])(ld|([^/\]+-)?ld|collect2)[^/\]*( |$)]
  ignore line: [Change Dir: /Users/neerajsarna/sciebo/DG_MPI/CMakeFiles/CMakeTmp]
  ignore line: []
  ignore line: [Run Build Command:"/usr/bin/make" "cmTC_00553/fast"]
  ignore line: [/Library/Developer/CommandLineTools/usr/bin/make -f CMakeFiles/cmTC_00553.dir/build.make CMakeFiles/cmTC_00553.dir/build]
  ignore line: [Building C object CMakeFiles/cmTC_00553.dir/CMakeCCompilerABI.c.o]
  ignore line: [/Applications/deal.II.app/Contents/Resources/opt/openmpi-1.10.2/bin/mpicc     -o CMakeFiles/cmTC_00553.dir/CMakeCCompilerABI.c.o   -c /Applications/CMake.app/Contents/share/cmake-3.5/Modules/CMakeCCompilerABI.c]
  ignore line: [Linking C executable cmTC_00553]
  ignore line: [/Applications/CMake.app/Contents/bin/cmake -E cmake_link_script CMakeFiles/cmTC_00553.dir/link.txt --verbose=1]
  ignore line: [/Applications/deal.II.app/Contents/Resources/opt/openmpi-1.10.2/bin/mpicc    -Wl,-search_paths_first -Wl,-headerpad_max_install_names  -v -Wl,-v CMakeFiles/cmTC_00553.dir/CMakeCCompilerABI.c.o  -o cmTC_00553   ]
  ignore line: [Apple LLVM version 7.0.2 (clang-700.1.81)]
  ignore line: [Target: x86_64-apple-darwin14.5.0]
  ignore line: [Thread model: posix]
  link line: [ "/Library/Developer/CommandLineTools/usr/bin/ld" -demangle -dynamic -arch x86_64 -macosx_version_min 10.10.0 -o cmTC_00553 -L/Applications/deal.II.app/Contents/Resources/opt/openmpi-1.10.2/lib -search_paths_first -headerpad_max_install_names -v CMakeFiles/cmTC_00553.dir/CMakeCCompilerABI.c.o -lmpi -lSystem /Library/Developer/CommandLineTools/usr/bin/../lib/clang/7.0.2/lib/darwin/libclang_rt.osx.a]
    arg [/Library/Developer/CommandLineTools/usr/bin/ld] ==> ignore
    arg [-demangle] ==> ignore
    arg [-dynamic] ==> ignore
    arg [-arch] ==> ignore
    arg [x86_64] ==> ignore
    arg [-macosx_version_min] ==> ignore
    arg [10.10.0] ==> ignore
    arg [-o] ==> ignore
    arg [cmTC_00553] ==> ignore
    arg [-L/Applications/deal.II.app/Contents/Resources/opt/openmpi-1.10.2/lib] ==> dir [/Applications/deal.II.app/Contents/Resources/opt/openmpi-1.10.2/lib]
    arg [-search_paths_first] ==> ignore
    arg [-headerpad_max_install_names] ==> ignore
    arg [-v] ==> ignore
    arg [CMakeFiles/cmTC_00553.dir/CMakeCCompilerABI.c.o] ==> ignore
    arg [-lmpi] ==> lib [mpi]
    arg [-lSystem] ==> lib [System]
    arg [/Library/Developer/CommandLineTools/usr/bin/../lib/clang/7.0.2/lib/darwin/libclang_rt.osx.a] ==> lib [/Library/Developer/CommandLineTools/usr/bin/../lib/clang/7.0.2/lib/darwin/libclang_rt.osx.a]
  Library search paths: [;/Applications/deal.II.app/Contents/Resources/opt/openmpi-1.10.2/lib;/usr/lib;/usr/local/lib]
  Framework search paths: [;/Library/Frameworks/;/System/Library/Frameworks/]
  remove lib [System]
  collapse lib [/Library/Developer/CommandLineTools/usr/bin/../lib/clang/7.0.2/lib/darwin/libclang_rt.osx.a] ==> [/Library/Developer/CommandLineTools/usr/lib/clang/7.0.2/lib/darwin/libclang_rt.osx.a]
  collapse library dir [/Applications/deal.II.app/Contents/Resources/opt/openmpi-1.10.2/lib] ==> [/Applications/deal.II.app/Contents/Resources/opt/openmpi-1.10.2/lib]
  collapse library dir [/Applications/deal.II.app/Contents/Resources/opt/openmpi-1.10.2/lib] ==> [/Applications/deal.II.app/Contents/Resources/opt/openmpi-1.10.2/lib]
  collapse library dir [/usr/lib] ==> [/usr/lib]
  collapse library dir [/usr/local/lib] ==> [/usr/local/lib]
  collapse framework dir [/Library/Frameworks/] ==> [/Library/Frameworks]
  collapse framework dir [/System/Library/Frameworks/] ==> [/System/Library/Frameworks]
  implicit libs: [mpi;/Library/Developer/CommandLineTools/usr/lib/clang/7.0.2/lib/darwin/libclang_rt.osx.a]
  implicit dirs: [/Applications/deal.II.app/Contents/Resources/opt/openmpi-1.10.2/lib;/usr/lib;/usr/local/lib]
  implicit fwks: [/Library/Frameworks;/System/Library/Frameworks]




Detecting C [-std=c11] compiler features compiled with the following output:
Change Dir: /Users/neerajsarna/sciebo/DG_MPI/CMakeFiles/CMakeTmp

Run Build Command:"/usr/bin/make" "cmTC_ac485/fast"
/Library/Developer/CommandLineTools/usr/bin/make -f CMakeFiles/cmTC_ac485.dir/build.make CMakeFiles/cmTC_ac485.dir/build
Building C object CMakeFiles/cmTC_ac485.dir/feature_tests.c.o
/Applications/deal.II.app/Contents/Resources/opt/openmpi-1.10.2/bin/mpicc    -std=c11 -o CMakeFiles/cmTC_ac485.dir/feature_tests.c.o   -c /Users/neerajsarna/sciebo/DG_MPI/CMakeFiles/feature_tests.c
Linking C executable cmTC_ac485
/Applications/CMake.app/Contents/bin/cmake -E cmake_link_script CMakeFiles/cmTC_ac485.dir/link.txt --verbose=1
/Applications/deal.II.app/Contents/Resources/opt/openmpi-1.10.2/bin/mpicc    -Wl,-search_paths_first -Wl,-headerpad_max_install_names   CMakeFiles/cmTC_ac485.dir/feature_tests.c.o  -o cmTC_ac485  


    Feature record: C_FEATURE:1c_function_prototypes
    Feature record: C_FEATURE:1c_restrict
    Feature record: C_FEATURE:1c_static_assert
    Feature record: C_FEATURE:1c_variadic_macros


Detecting C [-std=c99] compiler features compiled with the following output:
Change Dir: /Users/neerajsarna/sciebo/DG_MPI/CMakeFiles/CMakeTmp

Run Build Command:"/usr/bin/make" "cmTC_72fc3/fast"
/Library/Developer/CommandLineTools/usr/bin/make -f CMakeFiles/cmTC_72fc3.dir/build.make CMakeFiles/cmTC_72fc3.dir/build
Building C object CMakeFiles/cmTC_72fc3.dir/feature_tests.c.o
/Applications/deal.II.app/Contents/Resources/opt/openmpi-1.10.2/bin/mpicc    -std=c99 -o CMakeFiles/cmTC_72fc3.dir/feature_tests.c.o   -c /Users/neerajsarna/sciebo/DG_MPI/CMakeFiles/feature_tests.c
Linking C executable cmTC_72fc3
/Applications/CMake.app/Contents/bin/cmake -E cmake_link_script CMakeFiles/cmTC_72fc3.dir/link.txt --verbose=1
/Applications/deal.II.app/Contents/Resources/opt/openmpi-1.10.2/bin/mpicc    -Wl,-search_paths_first -Wl,-headerpad_max_install_names   CMakeFiles/cmTC_72fc3.dir/feature_tests.c.o  -o cmTC_72fc3  


    Feature record: C_FEATURE:1c_function_prototypes
    Feature record: C_FEATURE:1c_restrict
    Feature record: C_FEATURE:0c_static_assert
    Feature record: C_FEATURE:1c_variadic_macros


Detecting C [-std=c90] compiler features compiled with the following output:
Change Dir: /Users/neerajsarna/sciebo/DG_MPI/CMakeFiles/CMakeTmp

Run Build Command:"/usr/bin/make" "cmTC_25078/fast"
/Library/Developer/CommandLineTools/usr/bin/make -f CMakeFiles/cmTC_25078.dir/build.make CMakeFiles/cmTC_25078.dir/build
Building C object CMakeFiles/cmTC_25078.dir/feature_tests.c.o
/Applications/deal.II.app/Contents/Resources/opt/openmpi-1.10.2/bin/mpicc    -std=c90 -o CMakeFiles/cmTC_25078.dir/feature_tests.c.o   -c /Users/neerajsarna/sciebo/DG_MPI/CMakeFiles/feature_tests.c
Linking C executable cmTC_25078
/Applications/CMake.app/Contents/bin/cmake -E cmake_link_script CMakeFiles/cmTC_25078.dir/link.txt --verbose=1
/Applications/deal.II.app/Contents/Resources/opt/openmpi-1.10.2/bin/mpicc    -Wl,-search_paths_first -Wl,-headerpad_max_install_names   CMakeFiles/cmTC_25078.dir/feature_tests.c.o  -o cmTC_25078  


    Feature record: C_FEATURE:1c_function_prototypes
    Feature record: C_FEATURE:0c_restrict
    Feature record: C_FEATURE:0c_static_assert
    Feature record: C_FEATURE:0c_variadic_macros
Determining if the CXX compiler works passed with the following output:
Change Dir: /Users/neerajsarna/sciebo/DG_MPI/CMakeFiles/CMakeTmp

Run Build Command:"/usr/bin/make" "cmTC_16ed8/fast"
/Library/Developer/CommandLineTools/usr/bin/make -f CMakeFiles/cmTC_16ed8.dir/build.make CMakeFiles/cmTC_16ed8.dir/build
Building CXX object CMakeFiles/cmTC_16ed8.dir/testCXXCompiler.cxx.o
/Applications/deal.II.app/Contents/Resources/opt/openmpi-1.10.2/bin/mpic++      -o CMakeFiles/cmTC_16ed8.dir/testCXXCompiler.cxx.o -c /Users/neerajsarna/sciebo/DG_MPI/CMakeFiles/CMakeTmp/testCXXCompiler.cxx
Linking CXX executable cmTC_16ed8
/Applications/CMake.app/Contents/bin/cmake -E cmake_link_script CMakeFiles/cmTC_16ed8.dir/link.txt --verbose=1
/Applications/deal.II.app/Contents/Resources/opt/openmpi-1.10.2/bin/mpic++     -Wl,-search_paths_first -Wl,-headerpad_max_install_names   CMakeFiles/cmTC_16ed8.dir/testCXXCompiler.cxx.o  -o cmTC_16ed8  


Detecting CXX compiler ABI info compiled with the following output:
Change Dir: /Users/neerajsarna/sciebo/DG_MPI/CMakeFiles/CMakeTmp

Run Build Command:"/usr/bin/make" "cmTC_34309/fast"
/Library/Developer/CommandLineTools/usr/bin/make -f CMakeFiles/cmTC_34309.dir/build.make CMakeFiles/cmTC_34309.dir/build
Building CXX object CMakeFiles/cmTC_34309.dir/CMakeCXXCompilerABI.cpp.o
/Applications/deal.II.app/Contents/Resources/opt/openmpi-1.10.2/bin/mpic++      -o CMakeFiles/cmTC_34309.dir/CMakeCXXCompilerABI.cpp.o -c /Applications/CMake.app/Contents/share/cmake-3.5/Modules/CMakeCXXCompilerABI.cpp
Linking CXX executable cmTC_34309
/Applications/CMake.app/Contents/bin/cmake -E cmake_link_script CMakeFiles/cmTC_34309.dir/link.txt --verbose=1
/Applications/deal.II.app/Contents/Resources/opt/openmpi-1.10.2/bin/mpic++     -Wl,-search_paths_first -Wl,-headerpad_max_install_names  -v -Wl,-v CMakeFiles/cmTC_34309.dir/CMakeCXXCompilerABI.cpp.o  -o cmTC_34309   
Apple LLVM version 7.0.2 (clang-700.1.81)
Target: x86_64-apple-darwin14.5.0
Thread model: posix
 "/Library/Developer/CommandLineTools/usr/bin/ld" -demangle -dynamic -arch x86_64 -macosx_version_min 10.10.0 -o cmTC_34309 -L/Applications/deal.II.app/Contents/Resources/opt/openmpi-1.10.2/lib -search_paths_first -headerpad_max_install_names -v CMakeFiles/cmTC_34309.dir/CMakeCXXCompilerABI.cpp.o -lmpi_cxx -lmpi -lc++ -lSystem /Library/Developer/CommandLineTools/usr/bin/../lib/clang/7.0.2/lib/darwin/libclang_rt.osx.a
@(#)PROGRAM:ld  PROJECT:ld64-253.9
configured to support archs: armv6 armv7 armv7s arm64 i386 x86_64 x86_64h armv6m armv7k armv7m armv7em (tvOS)
Library search paths:
	/Applications/deal.II.app/Contents/Resources/opt/openmpi-1.10.2/lib
	/usr/lib
	/usr/local/lib
Framework search paths:
	/Library/Frameworks/
	/System/Library/Frameworks/


Parsed CXX implicit link information from above output:
  link line regex: [^( *|.*[/\])(ld|([^/\]+-)?ld|collect2)[^/\]*( |$)]
  ignore line: [Change Dir: /Users/neerajsarna/sciebo/DG_MPI/CMakeFiles/CMakeTmp]
  ignore line: []
  ignore line: [Run Build Command:"/usr/bin/make" "cmTC_34309/fast"]
  ignore line: [/Library/Developer/CommandLineTools/usr/bin/make -f CMakeFiles/cmTC_34309.dir/build.make CMakeFiles/cmTC_34309.dir/build]
  ignore line: [Building CXX object CMakeFiles/cmTC_34309.dir/CMakeCXXCompilerABI.cpp.o]
  ignore line: [/Applications/deal.II.app/Contents/Resources/opt/openmpi-1.10.2/bin/mpic++      -o CMakeFiles/cmTC_34309.dir/CMakeCXXCompilerABI.cpp.o -c /Applications/CMake.app/Contents/share/cmake-3.5/Modules/CMakeCXXCompilerABI.cpp]
  ignore line: [Linking CXX executable cmTC_34309]
  ignore line: [/Applications/CMake.app/Contents/bin/cmake -E cmake_link_script CMakeFiles/cmTC_34309.dir/link.txt --verbose=1]
  ignore line: [/Applications/deal.II.app/Contents/Resources/opt/openmpi-1.10.2/bin/mpic++     -Wl,-search_paths_first -Wl,-headerpad_max_install_names  -v -Wl,-v CMakeFiles/cmTC_34309.dir/CMakeCXXCompilerABI.cpp.o  -o cmTC_34309   ]
  ignore line: [Apple LLVM version 7.0.2 (clang-700.1.81)]
  ignore line: [Target: x86_64-apple-darwin14.5.0]
  ignore line: [Thread model: posix]
  link line: [ "/Library/Developer/CommandLineTools/usr/bin/ld" -demangle -dynamic -arch x86_64 -macosx_version_min 10.10.0 -o cmTC_34309 -L/Applications/deal.II.app/Contents/Resources/opt/openmpi-1.10.2/lib -search_paths_first -headerpad_max_install_names -v CMakeFiles/cmTC_34309.dir/CMakeCXXCompilerABI.cpp.o -lmpi_cxx -lmpi -lc++ -lSystem /Library/Developer/CommandLineTools/usr/bin/../lib/clang/7.0.2/lib/darwin/libclang_rt.osx.a]
    arg [/Library/Developer/CommandLineTools/usr/bin/ld] ==> ignore
    arg [-demangle] ==> ignore
    arg [-dynamic] ==> ignore
    arg [-arch] ==> ignore
    arg [x86_64] ==> ignore
    arg [-macosx_version_min] ==> ignore
    arg [10.10.0] ==> ignore
    arg [-o] ==> ignore
    arg [cmTC_34309] ==> ignore
    arg [-L/Applications/deal.II.app/Contents/Resources/opt/openmpi-1.10.2/lib] ==> dir [/Applications/deal.II.app/Contents/Resources/opt/openmpi-1.10.2/lib]
    arg [-search_paths_first] ==> ignore
    arg [-headerpad_max_install_names] ==> ignore
    arg [-v] ==> ignore
    arg [CMakeFiles/cmTC_34309.dir/CMakeCXXCompilerABI.cpp.o] ==> ignore
    arg [-lmpi_cxx] ==> lib [mpi_cxx]
    arg [-lmpi] ==> lib [mpi]
    arg [-lc++] ==> lib [c++]
    arg [-lSystem] ==> lib [System]
    arg [/Library/Developer/CommandLineTools/usr/bin/../lib/clang/7.0.2/lib/darwin/libclang_rt.osx.a] ==> lib [/Library/Developer/CommandLineTools/usr/bin/../lib/clang/7.0.2/lib/darwin/libclang_rt.osx.a]
  Library search paths: [;/Applications/deal.II.app/Contents/Resources/opt/openmpi-1.10.2/lib;/usr/lib;/usr/local/lib]
  Framework search paths: [;/Library/Frameworks/;/System/Library/Frameworks/]
  remove lib [System]
  collapse lib [/Library/Developer/CommandLineTools/usr/bin/../lib/clang/7.0.2/lib/darwin/libclang_rt.osx.a] ==> [/Library/Developer/CommandLineTools/usr/lib/clang/7.0.2/lib/darwin/libclang_rt.osx.a]
  collapse library dir [/Applications/deal.II.app/Contents/Resources/opt/openmpi-1.10.2/lib] ==> [/Applications/deal.II.app/Contents/Resources/opt/openmpi-1.10.2/lib]
  collapse library dir [/Applications/deal.II.app/Contents/Resources/opt/openmpi-1.10.2/lib] ==> [/Applications/deal.II.app/Contents/Resources/opt/openmpi-1.10.2/lib]
  collapse library dir [/usr/lib] ==> [/usr/lib]
  collapse library dir [/usr/local/lib] ==> [/usr/local/lib]
  collapse framework dir [/Library/Frameworks/] ==> [/Library/Frameworks]
  collapse framework dir [/System/Library/Frameworks/] ==> [/System/Library/Frameworks]
  implicit libs: [mpi_cxx;mpi;c++;/Library/Developer/CommandLineTools/usr/lib/clang/7.0.2/lib/darwin/libclang_rt.osx.a]
  implicit dirs: [/Applications/deal.II.app/Contents/Resources/opt/openmpi-1.10.2/lib;/usr/lib;/usr/local/lib]
  implicit fwks: [/Library/Frameworks;/System/Library/Frameworks]




Detecting CXX [-std=c++14] compiler features compiled with the following output:
Change Dir: /Users/neerajsarna/sciebo/DG_MPI/CMakeFiles/CMakeTmp

Run Build Command:"/usr/bin/make" "cmTC_14529/fast"
/Library/Developer/CommandLineTools/usr/bin/make -f CMakeFiles/cmTC_14529.dir/build.make CMakeFiles/cmTC_14529.dir/build
Building CXX object CMakeFiles/cmTC_14529.dir/feature_tests.cxx.o
/Applications/deal.II.app/Contents/Resources/opt/openmpi-1.10.2/bin/mpic++     -std=c++14 -o CMakeFiles/cmTC_14529.dir/feature_tests.cxx.o -c /Users/neerajsarna/sciebo/DG_MPI/CMakeFiles/feature_tests.cxx
Linking CXX executable cmTC_14529
/Applications/CMake.app/Contents/bin/cmake -E cmake_link_script CMakeFiles/cmTC_14529.dir/link.txt --verbose=1
/Applications/deal.II.app/Contents/Resources/opt/openmpi-1.10.2/bin/mpic++     -Wl,-search_paths_first -Wl,-headerpad_max_install_names   CMakeFiles/cmTC_14529.dir/feature_tests.cxx.o  -o cmTC_14529  


    Feature record: CXX_FEATURE:1cxx_aggregate_default_initializers
    Feature record: CXX_FEATURE:1cxx_alias_templates
    Feature record: CXX_FEATURE:1cxx_alignas
    Feature record: CXX_FEATURE:1cxx_alignof
    Feature record: CXX_FEATURE:1cxx_attributes
    Feature record: CXX_FEATURE:1cxx_attribute_deprecated
    Feature record: CXX_FEATURE:1cxx_auto_type
    Feature record: CXX_FEATURE:1cxx_binary_literals
    Feature record: CXX_FEATURE:1cxx_constexpr
    Feature record: CXX_FEATURE:1cxx_contextual_conversions
    Feature record: CXX_FEATURE:1cxx_decltype
    Feature record: CXX_FEATURE:1cxx_decltype_auto
    Feature record: CXX_FEATURE:1cxx_decltype_incomplete_return_types
    Feature record: CXX_FEATURE:1cxx_default_function_template_args
    Feature record: CXX_FEATURE:1cxx_defaulted_functions
    Feature record: CXX_FEATURE:1cxx_defaulted_move_initializers
    Feature record: CXX_FEATURE:1cxx_delegating_constructors
    Feature record: CXX_FEATURE:1cxx_deleted_functions
    Feature record: CXX_FEATURE:1cxx_digit_separators
    Feature record: CXX_FEATURE:1cxx_enum_forward_declarations
    Feature record: CXX_FEATURE:1cxx_explicit_conversions
    Feature record: CXX_FEATURE:1cxx_extended_friend_declarations
    Feature record: CXX_FEATURE:1cxx_extern_templates
    Feature record: CXX_FEATURE:1cxx_final
    Feature record: CXX_FEATURE:1cxx_func_identifier
    Feature record: CXX_FEATURE:1cxx_generalized_initializers
    Feature record: CXX_FEATURE:1cxx_generic_lambdas
    Feature record: CXX_FEATURE:1cxx_inheriting_constructors
    Feature record: CXX_FEATURE:1cxx_inline_namespaces
    Feature record: CXX_FEATURE:1cxx_lambdas
    Feature record: CXX_FEATURE:1cxx_lambda_init_captures
    Feature record: CXX_FEATURE:1cxx_local_type_template_args
    Feature record: CXX_FEATURE:1cxx_long_long_type
    Feature record: CXX_FEATURE:1cxx_noexcept
    Feature record: CXX_FEATURE:1cxx_nonstatic_member_init
    Feature record: CXX_FEATURE:1cxx_nullptr
    Feature record: CXX_FEATURE:1cxx_override
    Feature record: CXX_FEATURE:1cxx_range_for
    Feature record: CXX_FEATURE:1cxx_raw_string_literals
    Feature record: CXX_FEATURE:1cxx_reference_qualified_functions
    Feature record: CXX_FEATURE:1cxx_relaxed_constexpr
    Feature record: CXX_FEATURE:1cxx_return_type_deduction
    Feature record: CXX_FEATURE:1cxx_right_angle_brackets
    Feature record: CXX_FEATURE:1cxx_rvalue_references
    Feature record: CXX_FEATURE:1cxx_sizeof_member
    Feature record: CXX_FEATURE:1cxx_static_assert
    Feature record: CXX_FEATURE:1cxx_strong_enums
    Feature record: CXX_FEATURE:1cxx_template_template_parameters
    Feature record: CXX_FEATURE:0cxx_thread_local
    Feature record: CXX_FEATURE:1cxx_trailing_return_types
    Feature record: CXX_FEATURE:1cxx_unicode_literals
    Feature record: CXX_FEATURE:1cxx_uniform_initialization
    Feature record: CXX_FEATURE:1cxx_unrestricted_unions
    Feature record: CXX_FEATURE:1cxx_user_literals
    Feature record: CXX_FEATURE:1cxx_variable_templates
    Feature record: CXX_FEATURE:1cxx_variadic_macros
    Feature record: CXX_FEATURE:1cxx_variadic_templates


Detecting CXX [-std=c++11] compiler features compiled with the following output:
Change Dir: /Users/neerajsarna/sciebo/DG_MPI/CMakeFiles/CMakeTmp

Run Build Command:"/usr/bin/make" "cmTC_69d09/fast"
/Library/Developer/CommandLineTools/usr/bin/make -f CMakeFiles/cmTC_69d09.dir/build.make CMakeFiles/cmTC_69d09.dir/build
Building CXX object CMakeFiles/cmTC_69d09.dir/feature_tests.cxx.o
/Applications/deal.II.app/Contents/Resources/opt/openmpi-1.10.2/bin/mpic++     -std=c++11 -o CMakeFiles/cmTC_69d09.dir/feature_tests.cxx.o -c /Users/neerajsarna/sciebo/DG_MPI/CMakeFiles/feature_tests.cxx
Linking CXX executable cmTC_69d09
/Applications/CMake.app/Contents/bin/cmake -E cmake_link_script CMakeFiles/cmTC_69d09.dir/link.txt --verbose=1
/Applications/deal.II.app/Contents/Resources/opt/openmpi-1.10.2/bin/mpic++     -Wl,-search_paths_first -Wl,-headerpad_max_install_names   CMakeFiles/cmTC_69d09.dir/feature_tests.cxx.o  -o cmTC_69d09  


    Feature record: CXX_FEATURE:0cxx_aggregate_default_initializers
    Feature record: CXX_FEATURE:1cxx_alias_templates
    Feature record: CXX_FEATURE:1cxx_alignas
    Feature record: CXX_FEATURE:1cxx_alignof
    Feature record: CXX_FEATURE:1cxx_attributes
    Feature record: CXX_FEATURE:0cxx_attribute_deprecated
    Feature record: CXX_FEATURE:1cxx_auto_type
    Feature record: CXX_FEATURE:0cxx_binary_literals
    Feature record: CXX_FEATURE:1cxx_constexpr
    Feature record: CXX_FEATURE:0cxx_contextual_conversions
    Feature record: CXX_FEATURE:1cxx_decltype
    Feature record: CXX_FEATURE:0cxx_decltype_auto
    Feature record: CXX_FEATURE:1cxx_decltype_incomplete_return_types
    Feature record: CXX_FEATURE:1cxx_default_function_template_args
    Feature record: CXX_FEATURE:1cxx_defaulted_functions
    Feature record: CXX_FEATURE:1cxx_defaulted_move_initializers
    Feature record: CXX_FEATURE:1cxx_delegating_constructors
    Feature record: CXX_FEATURE:1cxx_deleted_functions
    Feature record: CXX_FEATURE:0cxx_digit_separators
    Feature record: CXX_FEATURE:1cxx_enum_forward_declarations
    Feature record: CXX_FEATURE:1cxx_explicit_conversions
    Feature record: CXX_FEATURE:1cxx_extended_friend_declarations
    Feature record: CXX_FEATURE:1cxx_extern_templates
    Feature record: CXX_FEATURE:1cxx_final
    Feature record: CXX_FEATURE:1cxx_func_identifier
    Feature record: CXX_FEATURE:1cxx_generalized_initializers
    Feature record: CXX_FEATURE:0cxx_generic_lambdas
    Feature record: CXX_FEATURE:1cxx_inheriting_constructors
    Feature record: CXX_FEATURE:1cxx_inline_namespaces
    Feature record: CXX_FEATURE:1cxx_lambdas
    Feature record: CXX_FEATURE:0cxx_lambda_init_captures
    Feature record: CXX_FEATURE:1cxx_local_type_template_args
    Feature record: CXX_FEATURE:1cxx_long_long_type
    Feature record: CXX_FEATURE:1cxx_noexcept
    Feature record: CXX_FEATURE:1cxx_nonstatic_member_init
    Feature record: CXX_FEATURE:1cxx_nullptr
    Feature record: CXX_FEATURE:1cxx_override
    Feature record: CXX_FEATURE:1cxx_range_for
    Feature record: CXX_FEATURE:1cxx_raw_string_literals
    Feature record: CXX_FEATURE:1cxx_reference_qualified_functions
    Feature record: CXX_FEATURE:0cxx_relaxed_constexpr
    Feature record: CXX_FEATURE:0cxx_return_type_deduction
    Feature record: CXX_FEATURE:1cxx_right_angle_brackets
    Feature record: CXX_FEATURE:1cxx_rvalue_references
    Feature record: CXX_FEATURE:1cxx_sizeof_member
    Feature record: CXX_FEATURE:1cxx_static_assert
    Feature record: CXX_FEATURE:1cxx_strong_enums
    Feature record: CXX_FEATURE:1cxx_template_template_parameters
    Feature record: CXX_FEATURE:0cxx_thread_local
    Feature record: CXX_FEATURE:1cxx_trailing_return_types
    Feature record: CXX_FEATURE:1cxx_unicode_literals
    Feature record: CXX_FEATURE:1cxx_uniform_initialization
    Feature record: CXX_FEATURE:1cxx_unrestricted_unions
    Feature record: CXX_FEATURE:1cxx_user_literals
    Feature record: CXX_FEATURE:0cxx_variable_templates
    Feature record: CXX_FEATURE:1cxx_variadic_macros
    Feature record: CXX_FEATURE:1cxx_variadic_templates


Detecting CXX [-std=c++98] compiler features compiled with the following output:
Change Dir: /Users/neerajsarna/sciebo/DG_MPI/CMakeFiles/CMakeTmp

Run Build Command:"/usr/bin/make" "cmTC_bca44/fast"
/Library/Developer/CommandLineTools/usr/bin/make -f CMakeFiles/cmTC_bca44.dir/build.make CMakeFiles/cmTC_bca44.dir/build
Building CXX object CMakeFiles/cmTC_bca44.dir/feature_tests.cxx.o
/Applications/deal.II.app/Contents/Resources/opt/openmpi-1.10.2/bin/mpic++     -std=c++98 -o CMakeFiles/cmTC_bca44.dir/feature_tests.cxx.o -c /Users/neerajsarna/sciebo/DG_MPI/CMakeFiles/feature_tests.cxx
Linking CXX executable cmTC_bca44
/Applications/CMake.app/Contents/bin/cmake -E cmake_link_script CMakeFiles/cmTC_bca44.dir/link.txt --verbose=1
/Applications/deal.II.app/Contents/Resources/opt/openmpi-1.10.2/bin/mpic++     -Wl,-search_paths_first -Wl,-headerpad_max_install_names   CMakeFiles/cmTC_bca44.dir/feature_tests.cxx.o  -o cmTC_bca44  


    Feature record: CXX_FEATURE:0cxx_aggregate_default_initializers
    Feature record: CXX_FEATURE:0cxx_alias_templates
    Feature record: CXX_FEATURE:0cxx_alignas
    Feature record: CXX_FEATURE:0cxx_alignof
    Feature record: CXX_FEATURE:0cxx_attributes
    Feature record: CXX_FEATURE:0cxx_attribute_deprecated
    Feature record: CXX_FEATURE:0cxx_auto_type
    Feature record: CXX_FEATURE:0cxx_binary_literals
    Feature record: CXX_FEATURE:0cxx_constexpr
    Feature record: CXX_FEATURE:0cxx_contextual_conversions
    Feature record: CXX_FEATURE:0cxx_decltype
    Feature record: CXX_FEATURE:0cxx_decltype_auto
    Feature record: CXX_FEATURE:0cxx_decltype_incomplete_return_types
    Feature record: CXX_FEATURE:0cxx_default_function_template_args
    Feature record: CXX_FEATURE:0cxx_defaulted_functions
    Feature record: CXX_FEATURE:0cxx_defaulted_move_initializers
    Feature record: CXX_FEATURE:0cxx_delegating_constructors
    Feature record: CXX_FEATURE:0cxx_deleted_functions
    Feature record: CXX_FEATURE:0cxx_digit_separators
    Feature record: CXX_FEATURE:0cxx_enum_forward_declarations
    Feature record: CXX_FEATURE:0cxx_explicit_conversions
    Feature record: CXX_FEATURE:0cxx_extended_friend_declarations
    Feature record: CXX_FEATURE:0cxx_extern_templates
    Feature record: CXX_FEATURE:0cxx_final
    Feature record: CXX_FEATURE:0cxx_func_identifier
    Feature record: CXX_FEATURE:0cxx_generalized_initializers
    Feature record: CXX_FEATURE:0cxx_generic_lambdas
    Feature record: CXX_FEATURE:0cxx_inheriting_constructors
    Feature record: CXX_FEATURE:0cxx_inline_namespaces
    Feature record: CXX_FEATURE:0cxx_lambdas
    Feature record: CXX_FEATURE:0cxx_lambda_init_captures
    Feature record: CXX_FEATURE:0cxx_local_type_template_args
    Feature record: CXX_FEATURE:0cxx_long_long_type
    Feature record: CXX_FEATURE:0cxx_noexcept
    Feature record: CXX_FEATURE:0cxx_nonstatic_member_init
    Feature record: CXX_FEATURE:0cxx_nullptr
    Feature record: CXX_FEATURE:0cxx_override
    Feature record: CXX_FEATURE:0cxx_range_for
    Feature record: CXX_FEATURE:0cxx_raw_string_literals
    Feature record: CXX_FEATURE:0cxx_reference_qualified_functions
    Feature record: CXX_FEATURE:0cxx_relaxed_constexpr
    Feature record: CXX_FEATURE:0cxx_return_type_deduction
    Feature record: CXX_FEATURE:0cxx_right_angle_brackets
    Feature record: CXX_FEATURE:0cxx_rvalue_references
    Feature record: CXX_FEATURE:0cxx_sizeof_member
    Feature record: CXX_FEATURE:0cxx_static_assert
    Feature record: CXX_FEATURE:0cxx_strong_enums
    Feature record: CXX_FEATURE:1cxx_template_template_parameters
    Feature record: CXX_FEATURE:0cxx_thread_local
    Feature record: CXX_FEATURE:0cxx_trailing_return_types
    Feature record: CXX_FEATURE:0cxx_unicode_literals
    Feature record: CXX_FEATURE:0cxx_uniform_initialization
    Feature record: CXX_FEATURE:0cxx_unrestricted_unions
    Feature record: CXX_FEATURE:0cxx_user_literals
    Feature record: CXX_FEATURE:0cxx_variable_templates
    Feature record: CXX_FEATURE:0cxx_variadic_macros
    Feature record: CXX_FEATURE:0cxx_variadic_templates
